#
# A fatal error has been detected by the Java Runtime Environment:
#
#  EXCEPTION_ACCESS_VIOLATION (0xc0000005) at pc=0x00000001800087dd, pid=13104, tid=14744
#
# JRE version: Java(TM) SE Runtime Environment (8.0_25-b18) (build 1.8.0_25-b18)
# Java VM: Java HotSpot(TM) 64-Bit Server VM (25.25-b02 mixed mode windows-amd64 compressed oops)
# Problematic frame:
# C  [rxtxSerial.dll+0x87dd]
#
# Failed to write core dump. Minidumps are not enabled by default on client versions of Windows
#
# If you would like to submit a bug report, please visit:
#   http://bugreport.sun.com/bugreport/crash.jsp
# The crash happened outside the Java Virtual Machine in native code.
# See problematic frame for where to report the bug.
#

---------------  T H R E A D  ---------------

Current thread (0x0000000002740800):  JavaThread "main" [_thread_in_native, id=14744, stack(0x00000000025a0000,0x00000000026a0000)]

siginfo: ExceptionCode=0xc0000005, writing address 0x0000000000000100

Registers:
RAX=0x0000000000000000, RBX=0x000000000b4761d0, RCX=0x0000000000000002, RDX=0x0000000000000000
RSP=0x000000000269ec10, RBP=0x000000000269ee88, RSI=0x000000000b520d69, RDI=0x000000000b471100
R8 =0x0000000000000000, R9 =0x0000000000000000, R10=0x00007fff77555730, R11=0x0000000000000001
R12=0x000000000269ee90, R13=0x0000000008233840, R14=0x000000000269ee90, R15=0x0000000002740800
RIP=0x00000001800087dd, EFLAGS=0x0000000000010202

Top of Stack: (sp=0x000000000269ec10)
0x000000000269ec10:   000000000b4761d0 000000000b520d60
0x000000000269ec20:   0000000002740800 000000000b520d60
0x000000000269ec30:   000000000b520d60 000000018000aab4
0x000000000269ec40:   00000000027409e8 0000000000000106
0x000000000269ec50:   0000000008233840 000000000269ee90
0x000000000269ec60:   0000000008628b10 000000000b520d60
0x000000000269ec70:   000000000269ee88 000000018000b7fe
0x000000000269ec80:   0000000002740800 0000000053904de2
0x000000000269ec90:   00000000027409e8 000000000b520d60
0x000000000269eca0:   000000000269ee90 0000000000000000
0x000000000269ecb0:   00009ff2db2c81ec 000000007fffffdc
0x000000000269ecc0:   000000000269ed50 0000000000000042
0x000000000269ecd0:   00000000027409e8 0000000000000000
0x000000000269ece0:   000000000b520d60 000000018000213d
0x000000000269ecf0:   000000000269ee88 000000018001c0b0
0x000000000269ed00:   0000000000000000 0000000180000000 

Instructions: (pc=0x00000001800087dd)
0x00000001800087bd:   00 00 7e 3d 48 8b 87 08 01 00 00 48 89 bb 00 01
0x00000001800087cd:   00 00 48 89 83 08 01 00 00 48 8b 87 08 01 00 00
0x00000001800087dd:   48 89 98 00 01 00 00 48 89 9f 08 01 00 00 48 8b
0x00000001800087ed:   c3 48 8b 5c 24 30 48 8b 74 24 38 48 83 c4 20 5f 


Register to memory mapping:

RAX=0x0000000000000000 is an unknown value
RBX=0x000000000b4761d0 is an unknown value
RCX=0x0000000000000002 is an unknown value
RDX=0x0000000000000000 is an unknown value
RSP=0x000000000269ec10 is pointing into the stack for thread: 0x0000000002740800
RBP=0x000000000269ee88 is pointing into the stack for thread: 0x0000000002740800
RSI=0x000000000b520d69 is an unknown value
RDI=0x000000000b471100 is an unknown value
R8 =0x0000000000000000 is an unknown value
R9 =0x0000000000000000 is an unknown value
R10=0x00007fff77555730 is an unknown value
R11=0x0000000000000001 is an unknown value
R12=0x000000000269ee90 is pointing into the stack for thread: 0x0000000002740800
R13=0x0000000008233840 is pointing into metadata
R14=0x000000000269ee90 is pointing into the stack for thread: 0x0000000002740800
R15=0x0000000002740800 is a thread


Stack: [0x00000000025a0000,0x00000000026a0000],  sp=0x000000000269ec10,  free space=1019k
Native frames: (J=compiled Java code, j=interpreted, Vv=VM code, C=native code)
C  [rxtxSerial.dll+0x87dd]
C  [rxtxSerial.dll+0xaab4]
C  [rxtxSerial.dll+0x213d]
C  0x000000000f026677

Java frames: (J=compiled Java code, j=interpreted, Vv=VM code)
j  gnu.io.RXTXPort.open(Ljava/lang/String;)I+0
j  gnu.io.RXTXPort.<init>(Ljava/lang/String;)V+125
j  gnu.io.RXTXCommDriver.getCommPort(Ljava/lang/String;I)Lgnu/io/CommPort;+78
j  gnu.io.CommPortIdentifier.open(Ljava/lang/String;I)Lgnu/io/CommPort;+171
j  org.zu.ardulink.connection.serial.SerialConnection.connect(Ljava/lang/String;I)Z+33
j  org.zu.ardulink.connection.serial.SerialConnection.connect([Ljava/lang/Object;)Z+111
j  org.zu.ardulink.Link.connect([Ljava/lang/Object;)Z+27
j  nl.windesheim.kbsm2.opc01.asrs.BbpRobot.connect()V+20
j  nl.windesheim.kbsm2.opc01.asrs.BbpRobot.<init>()V+25
j  nl.windesheim.kbsm2.opc01.asrs.Paneel.<init>()V+20
j  nl.windesheim.kbsm2.opc01.asrs.Main.main([Ljava/lang/String;)V+4
v  ~StubRoutines::call_stub

---------------  P R O C E S S  ---------------

Java Threads: ( => current thread )
  0x000000000b539000 JavaThread "Thread-5" [_thread_in_native, id=14268, stack(0x000000000df40000,0x000000000e040000)]
  0x000000000b4fb000 JavaThread "Thread-4" [_thread_in_native, id=9928, stack(0x000000000bdc0000,0x000000000bec0000)]
  0x000000000b4fd800 JavaThread "AWT-Windows" daemon [_thread_in_native, id=6732, stack(0x000000000bec0000,0x000000000bfc0000)]
  0x000000000b4f0800 JavaThread "Java2D Disposer" daemon [_thread_blocked, id=11516, stack(0x000000000bcc0000,0x000000000bdc0000)]
  0x000000000a6cb000 JavaThread "Service Thread" daemon [_thread_blocked, id=9328, stack(0x000000000b010000,0x000000000b110000)]
  0x000000000a64d000 JavaThread "C1 CompilerThread3" daemon [_thread_blocked, id=2652, stack(0x000000000af10000,0x000000000b010000)]
  0x000000000a64a000 JavaThread "C2 CompilerThread2" daemon [_thread_blocked, id=4672, stack(0x000000000ae10000,0x000000000af10000)]
  0x000000000a638800 JavaThread "C2 CompilerThread1" daemon [_thread_blocked, id=8412, stack(0x000000000ad10000,0x000000000ae10000)]
  0x000000000a635000 JavaThread "C2 CompilerThread0" daemon [_thread_blocked, id=820, stack(0x000000000ac10000,0x000000000ad10000)]
  0x000000000a633800 JavaThread "Attach Listener" daemon [_thread_blocked, id=14144, stack(0x000000000ab10000,0x000000000ac10000)]
  0x000000000a633000 JavaThread "Signal Dispatcher" daemon [_thread_blocked, id=188, stack(0x000000000aa10000,0x000000000ab10000)]
  0x0000000002835800 JavaThread "Finalizer" daemon [_thread_blocked, id=13116, stack(0x000000000a510000,0x000000000a610000)]
  0x000000000862c000 JavaThread "Reference Handler" daemon [_thread_blocked, id=5448, stack(0x000000000a410000,0x000000000a510000)]
=>0x0000000002740800 JavaThread "main" [_thread_in_native, id=14744, stack(0x00000000025a0000,0x00000000026a0000)]

Other Threads:
  0x0000000008628000 VMThread [stack: 0x000000000a310000,0x000000000a410000] [id=10256]
  0x000000000a6d0000 WatcherThread [stack: 0x000000000b110000,0x000000000b210000] [id=15264]

VM state:not at safepoint (normal execution)

VM Mutex/Monitor currently owned by a thread: None

Heap:
 PSYoungGen      total 36864K, used 8902K [0x00000000d6c00000, 0x00000000d9500000, 0x0000000100000000)
  eden space 31744K, 28% used [0x00000000d6c00000,0x00000000d74b1800,0x00000000d8b00000)
  from space 5120K, 0% used [0x00000000d9000000,0x00000000d9000000,0x00000000d9500000)
  to   space 5120K, 0% used [0x00000000d8b00000,0x00000000d8b00000,0x00000000d9000000)
 ParOldGen       total 84992K, used 0K [0x0000000084400000, 0x0000000089700000, 0x00000000d6c00000)
  object space 84992K, 0% used [0x0000000084400000,0x0000000084400000,0x0000000089700000)
 Metaspace       used 7540K, capacity 7656K, committed 7936K, reserved 1056768K
  class space    used 900K, capacity 964K, committed 1024K, reserved 1048576K

Card table byte_map: [0x0000000002c00000,0x0000000002fe0000] byte_map_base: 0x00000000027de000

Marking Bits: (ParMarkBitMap*) 0x0000000053fad490
 Begin Bits: [0x0000000003a80000, 0x0000000005970000)
 End Bits:   [0x0000000005970000, 0x0000000007860000)

Polling page: 0x0000000000d80000

CodeCache: size=245760Kb used=1765Kb max_used=1765Kb free=243994Kb
 bounds [0x000000000f010000, 0x000000000f280000, 0x000000001e010000]
 total_blobs=693 nmethods=332 adapters=275
 compilation: enabled

Compilation events (10 events):
Event: 2.227 Thread 0x000000000a64d000  327       3       java.lang.String::toString (2 bytes)
Event: 2.227 Thread 0x000000000a64d000 nmethod 327 0x000000000f1c2cd0 code [0x000000000f1c2e20, 0x000000000f1c2f70]
Event: 4.229 Thread 0x000000000a64d000  328       3       sun.nio.cs.SingleByte$Encoder::encode (32 bytes)
Event: 4.229 Thread 0x000000000a64d000 nmethod 328 0x000000000f1c8510 code [0x000000000f1c8680, 0x000000000f1c8890]
Event: 4.763 Thread 0x000000000a64d000  329       3       java.util.regex.Pattern$BmpCharProperty::match (50 bytes)
Event: 4.763 Thread 0x000000000a64d000 nmethod 329 0x000000000f1c7990 code [0x000000000f1c7b20, 0x000000000f1c7fc8]
Event: 4.763 Thread 0x000000000a64d000  332       3       java.util.Calendar::internalSet (8 bytes)
Event: 4.763 Thread 0x000000000a64d000 nmethod 332 0x000000000f1c75d0 code [0x000000000f1c7720, 0x000000000f1c7890]
Event: 4.763 Thread 0x000000000a64d000  330       3       java.util.Formatter$Flags::contains (22 bytes)
Event: 4.763 Thread 0x000000000a64d000 nmethod 330 0x000000000f1c9c90 code [0x000000000f1c9e00, 0x000000000f1ca010]

GC Heap History (0 events):
No events

Deoptimization events (0 events):
No events

Internal exceptions (10 events):
Event: 0.209 Thread 0x0000000002740800 Exception <a 'java/security/PrivilegedActionException'> (0x00000000d71677c8) thrown at [D:\re\workspace\8-2-build-windows-amd64-cygwin\jdk8u25\1677\hotspot\src\share\vm\prims\jvm.cpp, line 1312]
Event: 0.209 Thread 0x0000000002740800 Exception <a 'java/security/PrivilegedActionException'> (0x00000000d71694b0) thrown at [D:\re\workspace\8-2-build-windows-amd64-cygwin\jdk8u25\1677\hotspot\src\share\vm\prims\jvm.cpp, line 1312]
Event: 0.210 Thread 0x0000000002740800 Exception <a 'java/security/PrivilegedActionException'> (0x00000000d716bc28) thrown at [D:\re\workspace\8-2-build-windows-amd64-cygwin\jdk8u25\1677\hotspot\src\share\vm\prims\jvm.cpp, line 1312]
Event: 0.210 Thread 0x0000000002740800 Exception <a 'java/security/PrivilegedActionException'> (0x00000000d716d810) thrown at [D:\re\workspace\8-2-build-windows-amd64-cygwin\jdk8u25\1677\hotspot\src\share\vm\prims\jvm.cpp, line 1312]
Event: 0.217 Thread 0x0000000002740800 Exception <a 'java/security/PrivilegedActionException'> (0x00000000d7193f28) thrown at [D:\re\workspace\8-2-build-windows-amd64-cygwin\jdk8u25\1677\hotspot\src\share\vm\prims\jvm.cpp, line 1312]
Event: 0.217 Thread 0x0000000002740800 Exception <a 'java/security/PrivilegedActionException'> (0x00000000d7195d98) thrown at [D:\re\workspace\8-2-build-windows-amd64-cygwin\jdk8u25\1677\hotspot\src\share\vm\prims\jvm.cpp, line 1312]
Event: 0.220 Thread 0x0000000002740800 Exception <a 'java/security/PrivilegedActionException'> (0x00000000d72df8f0) thrown at [D:\re\workspace\8-2-build-windows-amd64-cygwin\jdk8u25\1677\hotspot\src\share\vm\prims\jvm.cpp, line 1312]
Event: 0.220 Thread 0x0000000002740800 Exception <a 'java/security/PrivilegedActionException'> (0x00000000d72e17f0) thrown at [D:\re\workspace\8-2-build-windows-amd64-cygwin\jdk8u25\1677\hotspot\src\share\vm\prims\jvm.cpp, line 1312]
Event: 0.221 Thread 0x0000000002740800 Exception <a 'java/security/PrivilegedActionException'> (0x00000000d72e6810) thrown at [D:\re\workspace\8-2-build-windows-amd64-cygwin\jdk8u25\1677\hotspot\src\share\vm\prims\jvm.cpp, line 1312]
Event: 4.762 Thread 0x0000000002740800 Exception <a 'java/security/PrivilegedActionException'> (0x00000000d72eeb20) thrown at [D:\re\workspace\8-2-build-windows-amd64-cygwin\jdk8u25\1677\hotspot\src\share\vm\prims\jvm.cpp, line 1312]

Events (10 events):
Event: 1.159 loading class sun/awt/AWTAutoShutdown$1 done
Event: 1.159 Thread 0x000000000b4fb000 Thread exited: 0x000000000b4fb000
Event: 2.220 Thread 0x000000000b4fb000 Thread added: 0x000000000b4fb000
Event: 2.227 Thread 0x000000000b539000 Thread added: 0x000000000b539000
Event: 4.088 Executing VM operation: EnableBiasedLocking
Event: 4.088 Executing VM operation: EnableBiasedLocking done
Event: 4.340 Thread 0x000000000b532800 Thread exited: 0x000000000b532800
Event: 4.762 Thread 0x000000000b52d800 Thread exited: 0x000000000b52d800
Event: 4.762 loading class org/zu/ardulink/event/DisconnectionEvent
Event: 4.762 loading class org/zu/ardulink/event/DisconnectionEvent done


Dynamic libraries:
0x00007ff7ad0c0000 - 0x00007ff7ad0f4000 	C:\Program Files\Java\jre1.8.0_25\bin\javaw.exe
0x00007fff77550000 - 0x00007fff776fc000 	C:\WINDOWS\SYSTEM32\ntdll.dll
0x00007fff74d20000 - 0x00007fff74e5e000 	C:\WINDOWS\system32\KERNEL32.DLL
0x00007fff74880000 - 0x00007fff74995000 	C:\WINDOWS\system32\KERNELBASE.dll
0x00007fff731f0000 - 0x00007fff7327e000 	C:\WINDOWS\system32\apphelp.dll
0x00007fff5e350000 - 0x00007fff5e3a3000 	C:\WINDOWS\AppPatch\AppPatch64\AcGenral.DLL
0x00007fff753f0000 - 0x00007fff7549a000 	C:\WINDOWS\system32\msvcrt.dll
0x00007fff74420000 - 0x00007fff7444e000 	C:\WINDOWS\SYSTEM32\SspiCli.dll
0x00007fff76d30000 - 0x00007fff76d84000 	C:\WINDOWS\system32\SHLWAPI.dll
0x00007fff773d0000 - 0x00007fff77547000 	C:\WINDOWS\system32\USER32.dll
0x00007fff754a0000 - 0x00007fff75634000 	C:\WINDOWS\system32\ole32.dll
0x00007fff75750000 - 0x00007fff76c68000 	C:\WINDOWS\system32\SHELL32.dll
0x00007fff73bf0000 - 0x00007fff73c11000 	C:\WINDOWS\SYSTEM32\USERENV.dll
0x00007fff77080000 - 0x00007fff7712a000 	C:\WINDOWS\system32\ADVAPI32.dll
0x00007fff5e450000 - 0x00007fff5e46e000 	C:\WINDOWS\SYSTEM32\MPR.dll
0x00007fff74bd0000 - 0x00007fff74d11000 	C:\WINDOWS\system32\RPCRT4.dll
0x00007fff76e00000 - 0x00007fff76e59000 	C:\WINDOWS\SYSTEM32\sechost.dll
0x00007fff76e60000 - 0x00007fff77071000 	C:\WINDOWS\SYSTEM32\combase.dll
0x00007fff74e60000 - 0x00007fff74fb1000 	C:\WINDOWS\system32\GDI32.dll
0x00007fff746a0000 - 0x00007fff746b5000 	C:\WINDOWS\SYSTEM32\profapi.dll
0x00007fff72ba0000 - 0x00007fff72c52000 	C:\WINDOWS\SYSTEM32\SHCORE.dll
0x00007fff75170000 - 0x00007fff751a6000 	C:\WINDOWS\system32\IMM32.DLL
0x00007fff751c0000 - 0x00007fff75312000 	C:\WINDOWS\system32\MSCTF.dll
0x00007fff74650000 - 0x00007fff74682000 	C:\WINDOWS\system32\nvinitx.dll
0x00007fff74640000 - 0x00007fff7464a000 	C:\WINDOWS\SYSTEM32\VERSION.dll
0x000000000f000000 - 0x000000000f006000 	C:\Program Files\NVIDIA Corporation\CoProcManager\_etoured.dll
0x00007fff71ae0000 - 0x00007fff71b12000 	C:\Program Files\NVIDIA Corporation\CoProcManager\nvd3d9wrapx.dll
0x00007fff77130000 - 0x00007fff7730a000 	C:\WINDOWS\system32\SETUPAPI.dll
0x00007fff74b80000 - 0x00007fff74bcf000 	C:\WINDOWS\system32\CFGMGR32.dll
0x00007fff71ab0000 - 0x00007fff71ad2000 	C:\Program Files\NVIDIA Corporation\CoProcManager\nvdxgiwrapx.dll
0x00007fff72160000 - 0x00007fff723db000 	C:\WINDOWS\WinSxS\amd64_microsoft.windows.common-controls_6595b64144ccf1df_6.0.9600.17784_none_624760d1ecb7236e\COMCTL32.dll
0x0000000054b70000 - 0x0000000054c42000 	C:\Program Files\Java\jre1.8.0_25\bin\msvcr100.dll
0x00000000537d0000 - 0x000000005402a000 	C:\Program Files\Java\jre1.8.0_25\bin\server\jvm.dll
0x00007fff6b790000 - 0x00007fff6b799000 	C:\WINDOWS\SYSTEM32\WSOCK32.dll
0x00007fff723e0000 - 0x00007fff72402000 	C:\WINDOWS\SYSTEM32\WINMM.dll
0x00007fff76d90000 - 0x00007fff76d97000 	C:\WINDOWS\system32\PSAPI.DLL
0x00007fff75320000 - 0x00007fff7537a000 	C:\WINDOWS\system32\WS2_32.dll
0x00007fff720f0000 - 0x00007fff7211a000 	C:\WINDOWS\SYSTEM32\WINMMBASE.dll
0x00007fff75640000 - 0x00007fff75649000 	C:\WINDOWS\system32\NSI.dll
0x00007fff73440000 - 0x00007fff73468000 	C:\WINDOWS\SYSTEM32\DEVOBJ.dll
0x00000000550f0000 - 0x00000000550ff000 	C:\Program Files\Java\jre1.8.0_25\bin\verify.dll
0x0000000054b40000 - 0x0000000054b68000 	C:\Program Files\Java\jre1.8.0_25\bin\java.dll
0x0000000054b20000 - 0x0000000054b36000 	C:\Program Files\Java\jre1.8.0_25\bin\zip.dll
0x0000000054650000 - 0x00000000547e8000 	C:\Program Files\Java\jre1.8.0_25\bin\awt.dll
0x00007fff75660000 - 0x00007fff75721000 	C:\WINDOWS\system32\OLEAUT32.dll
0x00007fff72120000 - 0x00007fff72141000 	C:\WINDOWS\system32\DWMAPI.DLL
0x00007fff73290000 - 0x00007fff733b9000 	C:\WINDOWS\system32\uxtheme.dll
0x00007fff63500000 - 0x00007fff635ab000 	C:\Program Files\Common Files\microsoft shared\ink\tiptsf.dll
0x00007fff73490000 - 0x00007fff7349b000 	C:\WINDOWS\SYSTEM32\kernel.appcore.dll
0x00007fff744c0000 - 0x00007fff744cb000 	C:\WINDOWS\SYSTEM32\CRYPTBASE.dll
0x00007fff74450000 - 0x00007fff744b3000 	C:\WINDOWS\SYSTEM32\bcryptPrimitives.dll
0x00007fff67460000 - 0x00007fff67681000 	C:\WINDOWS\system32\d3d9.dll
0x00007fff6fef0000 - 0x00007fff6ffee000 	C:\WINDOWS\SYSTEM32\nvumdshimx.dll
0x00007fff52b10000 - 0x00007fff536b0000 	C:\WINDOWS\system32\igdumdim64.dll
0x00007fff6e930000 - 0x00007fff6ed70000 	C:\WINDOWS\SYSTEM32\igdusc64.dll
0x0000000180000000 - 0x0000000180025000 	C:\Program Files\Java\jre1.8.0_25\bin\rxtxSerial.dll
0x00007fff71140000 - 0x00007fff712c9000 	C:\WINDOWS\SYSTEM32\dbghelp.dll

VM Arguments:
jvm_args: -Dfile.encoding=Cp1252 
java_command: nl.windesheim.kbsm2.opc01.asrs.Main
java_class_path (initial): C:\Users\Rob\Documents\NetBeansProjects\nl.windesheim.kbsm2.opc01\nl.windesheim.kbsm2.opc01\build\classes;C:\Users\Rob\Desktop\mysql-connector-java-5.1.35\mysql-connector-java-5.1.35-bin.jar;C:\Users\Rob\Desktop\ardulink\lib\ardulink.jar;C:\Users\Rob\Desktop\ardulink\lib\bluecove-2.1.1-SNAPSHOT.jar;C:\Users\Rob\Desktop\ardulink\lib\ch.ntb.usb-0.5.9.jar;C:\Users\Rob\Desktop\ardulink\lib\javax.mail-1.5.1.jar;C:\Users\Rob\Desktop\ardulink\lib\RXTXcomm.jar
Launcher Type: SUN_STANDARD

Environment Variables:
JAVA_HOME=C:\Program Files\Java\jdk1.8.0
PATH=C:\Program Files (x86)\NVIDIA Corporation\PhysX\Common;C:\ProgramData\Oracle\Java\javapath;C:\Program Files (x86)\Intel\iCLS Client\;C:\Program Files\Intel\iCLS Client\;C:\WINDOWS\system32;C:\WINDOWS;C:\WINDOWS\System32\Wbem;C:\WINDOWS\System32\WindowsPowerShell\v1.0\;C:\Program Files (x86)\Intel\OpenCL SDK\3.0\bin\x86;C:\Program Files (x86)\Intel\OpenCL SDK\3.0\bin\x64;C:\Program Files\Intel\Intel(R) Management Engine Components\DAL;C:\Program Files\Intel\Intel(R) Management Engine Components\IPT;C:\Program Files (x86)\Intel\Intel(R) Management Engine Components\DAL;C:\Program Files (x86)\Intel\Intel(R) Management Engine Components\IPT;C:\Program Files\Intel\WiFi\bin\;C:\Program Files\Common Files\Intel\WirelessCommon\;C:\wamp\bin\php\php5.4.12\;C:\ProgramData\ComposerSetup\bin;C:\Program Files (x86)\Maven\bin
USERNAME=Rob
OS=Windows_NT
PROCESSOR_IDENTIFIER=Intel64 Family 6 Model 60 Stepping 3, GenuineIntel



---------------  S Y S T E M  ---------------

OS: Windows 8.1 , 64 bit Build 9600 

CPU:total 8 (4 cores per cpu, 2 threads per core) family 6 model 60 stepping 3, cmov, cx8, fxsr, mmx, sse, sse2, sse3, ssse3, sse4.1, sse4.2, popcnt, avx, avx2, aes, clmul, erms, lzcnt, ht, tsc, tscinvbit, bmi1, bmi2

Memory: 4k page, physical 8102168k(3839484k free), swap 11129836k(4510100k free)

vm_info: Java HotSpot(TM) 64-Bit Server VM (25.25-b02) for windows-amd64 JRE (1.8.0_25-b18), built on Oct  7 2014 14:25:37 by "java_re" with MS VC++ 10.0 (VS2010)

time: Tue Jun 02 15:51:56 2015
elapsed time: 4 seconds (0d 0h 0m 4s)

